Log file open, 07/12/18 11:49:31
LogWindows: Failed to load 'aqProf.dll' (GetLastError=126)
LogWindows: File 'aqProf.dll' does not exist
LogWindows: Failed to load 'VtuneApi.dll' (GetLastError=126)
LogWindows: File 'VtuneApi.dll' does not exist
LogWindows: Failed to load 'VtuneApi32e.dll' (GetLastError=126)
LogWindows: File 'VtuneApi32e.dll' does not exist
LogInit: Display: Running engine for game: gl1Unreal
LogInit: Display: Project file not found: ../../../gl1Unreal/gl1Unreal.uproject
LogInit: Display: 	Attempting to find via project info helper.
LogUProjectInfo: Found projects:
LogPlatformFile: Not using cached read wrapper
LogInit: Display: RandInit(-673266043) SRandInit(-673266043).
LogTaskGraph: Started task graph with 5 named threads and 14 total threads with 3 sets of task threads.
LogStats: Stats thread started at 0.888170
LogD3D11RHI: Aftermath initialized
LogPluginManager: Mounting plugin Paper2D
LogPluginManager: Mounting plugin OculusVR
LogPluginManager: Mounting plugin AndroidPermission
LogPluginManager: Mounting plugin ArchVisCharacter
LogPluginManager: Mounting plugin CableComponent
LogPluginManager: Mounting plugin CustomMeshComponent
LogPluginManager: Mounting plugin ExampleDeviceProfileSelector
LogPluginManager: Mounting plugin ImmediatePhysics
LogPluginManager: Mounting plugin LocationServicesBPLibrary
LogPluginManager: Mounting plugin MobilePatchingUtils
LogPluginManager: Mounting plugin PhysXVehicles
LogPluginManager: Mounting plugin ProceduralMeshComponent
LogPluginManager: Mounting plugin RuntimePhysXCooking
LogPluginManager: Mounting plugin SteamVR
LogPluginManager: Mounting plugin WindowsMoviePlayer
LogPluginManager: Mounting plugin LightPropagationVolume
LogPluginManager: Mounting plugin FacialAnimation
LogPluginManager: Mounting plugin CharacterAI
LogPluginManager: Mounting plugin HTML5Networking
LogPluginManager: Mounting plugin AndroidMedia
LogPluginManager: Mounting plugin AvfMedia
LogPluginManager: Mounting plugin WmfMedia
LogPluginManager: Mounting plugin TcpMessaging
LogPluginManager: Mounting plugin UdpMessaging
LogPluginManager: Mounting plugin OnlineSubsystem
LogPluginManager: Mounting plugin OnlineSubsystemNull
LogPluginManager: Mounting plugin OnlineSubsystemUtils
LogInit: Using libcurl 7.47.1
LogInit:  - built for x86_64-pc-win32
LogInit:  - supports SSL with OpenSSL/1.0.2g
LogInit:  - supports HTTP deflate (compression) using libz 1.2.8
LogInit:  - other features:
LogInit:      CURL_VERSION_SSL
LogInit:      CURL_VERSION_LIBZ
LogInit:      CURL_VERSION_IPV6
LogInit:      CURL_VERSION_ASYNCHDNS
LogInit:      CURL_VERSION_LARGEFILE
LogInit:      CURL_VERSION_IDN
LogInit:  CurlRequestOptions (configurable via config and command line):
LogInit:  - bVerifyPeer = false  - Libcurl will NOT verify peer certificate
LogInit:  - bUseHttpProxy = false  - Libcurl will NOT use HTTP proxy
LogInit:  - bDontReuseConnections = false  - Libcurl will reuse connections
LogInit:  - CertBundlePath = nullptr  - Libcurl will use whatever was configured at build time.
LogInit: Build: ++UE4+Release-4.17-CL-3658906
LogInit: Engine Version: 4.17.2-3658906+++UE4+Release-4.17
LogInit: Compatible Engine Version: 4.17.0-3573198+++UE4+Release-4.17
LogInit: Net CL: 3573198
LogDevObjectVersion: Number of dev versions registered: 16
LogDevObjectVersion:   Dev-Blueprints (B0D832E4-1F89-4F0D-ACCF-7EB736FD4AA2): 10
LogDevObjectVersion:   Dev-Build (E1C64328-A22C-4D53-A36C-8E866417BD8C): 0
LogDevObjectVersion:   Dev-Core (375EC13C-06E4-48FB-B500-84F0262A717E): 2
LogDevObjectVersion:   Dev-Editor (E4B068ED-F494-42E9-A231-DA0B2E46BB41): 20
LogDevObjectVersion:   Dev-Framework (CFFC743F-43B0-4480-9391-14DF171D2073): 28
LogDevObjectVersion:   Dev-Mobile (B02B49B5-BB20-44E9-A304-32B752E40360): 0
LogDevObjectVersion:   Dev-Networking (A4E4105C-59A1-49B5-A7C5-40C4547EDFEE): 0
LogDevObjectVersion:   Dev-Online (39C831C9-5AE6-47DC-9A44-9C173E1C8E7C): 0
LogDevObjectVersion:   Dev-Physics (78F01B33-EBEA-4F98-B9B4-84EACCB95AA2): 0
LogDevObjectVersion:   Dev-Platform (6631380F-2D4D-43E0-8009-CF276956A95A): 0
LogDevObjectVersion:   Dev-Rendering (12F88B9F-8875-4AFC-A67C-D90C383ABD29): 19
LogDevObjectVersion:   Dev-Sequencer (7B5AE74C-D270-4C10-A958-57980B212A5A): 4
LogDevObjectVersion:   Dev-VR (D7296918-1DD6-4BDD-9DE2-64A83CC13884): 0
LogDevObjectVersion:   Dev-LoadTimes (C2A15278-BFE7-4AFE-6C17-90FF531DF755): 1
LogDevObjectVersion:   Private-Geometry (6EACA3D4-40EC-4CC1-B786-8BED09428FC5): 1
LogDevObjectVersion:   Dev-AnimPhys (29E575DD-E0A3-4627-9D10-D276232CDCEA): 7
LogInit: Compiled (64-bit): Sep 22 2017 13:49:34
LogInit: Compiled with Visual C++: 19.00.24215.01
LogInit: Build Configuration: Development
LogInit: Branch Name: ++UE4+Release-4.17
LogInit: Command line:  
LogInit: Base directory: D:/07-keil-schildknecht-5days/5Days-Game-Fertig/WindowsNoEditor/Engine/Binaries/Win64/
LogInit: Installed Engine Build: 0
LogInit: Presizing for max 2097152 objects, including 0 objects not considered by GC, pre-allocating 0 bytes for permanent pool.
LogStreaming: Display: Async Loading initialized: Event Driven Loader: true, Async Loading Thread: false
LogInit: Object subsystem initialized
[2018.07.12-09.49.31:663][  0]LogInit: Selected Device Profile: [WindowsNoEditor]
[2018.07.12-09.49.31:663][  0]LogInit: Applying CVar settings loaded from the selected device profile: [WindowsNoEditor]
[2018.07.12-09.49.31:697][  0]LogInit: Computer: YONDERLABPC
[2018.07.12-09.49.31:697][  0]LogInit: User: ManuelSchildknecht
[2018.07.12-09.49.31:697][  0]LogInit: CPU Page size=4096, Cores=4
[2018.07.12-09.49.31:697][  0]LogInit: High frequency timer resolution =4.101563 MHz
[2018.07.12-09.49.31:697][  0]LogMemory: Memory total: Physical=15.9GB (16GB approx)
[2018.07.12-09.49.31:697][  0]LogMemory: Platform Memory Stats for WindowsNoEditor
[2018.07.12-09.49.31:697][  0]LogMemory: Process Physical Memory: 104.90 MB used, 104.90 MB peak
[2018.07.12-09.49.31:697][  0]LogMemory: Process Virtual Memory: 116.73 MB used, 116.73 MB peak
[2018.07.12-09.49.31:697][  0]LogMemory: Physical Memory: 7690.29 MB used,  8560.10 MB free, 16250.39 MB total
[2018.07.12-09.49.31:697][  0]LogMemory: Virtual Memory: 4510.86 MB used,  8560.10 MB free, 134217728.00 MB total
[2018.07.12-09.49.32:099][  0]LogInit: Using OS detected language (de-DE).
[2018.07.12-09.49.32:099][  0]LogInit: Using OS detected locale (de-DE).
[2018.07.12-09.49.32:099][  0]LogTextLocalizationManager: No localization for 'de-DE' exists, so 'en' will be used for the language.
[2018.07.12-09.49.32:100][  0]LogTextLocalizationManager: No localization for 'de-DE' exists, so 'en' will be used for the locale.
[2018.07.12-09.49.32:301][  0]LogD3D11RHI: D3D11 adapters:
[2018.07.12-09.49.32:338][  0]LogD3D11RHI:    0. 'NVIDIA GeForce GTX 1080' (Feature Level 11_0)
[2018.07.12-09.49.32:338][  0]LogD3D11RHI:       8079/0/8125 MB DedicatedVideo/DedicatedSystem/SharedSystem, Outputs:2, VendorId:0x10de
[2018.07.12-09.49.32:360][  0]LogD3D11RHI:    1. 'Intel(R) HD Graphics 630' (Feature Level 11_0)
[2018.07.12-09.49.32:360][  0]LogD3D11RHI:       128/0/8125 MB DedicatedVideo/DedicatedSystem/SharedSystem, Outputs:0, VendorId:0x8086
[2018.07.12-09.49.32:362][  0]LogD3D11RHI:    2. 'Microsoft Basic Render Driver' (Feature Level 11_0)
[2018.07.12-09.49.32:362][  0]LogD3D11RHI:       0/0/8125 MB DedicatedVideo/DedicatedSystem/SharedSystem, Outputs:0, VendorId:0x1414
[2018.07.12-09.49.32:362][  0]LogD3D11RHI: Chosen D3D11 Adapter: 0
[2018.07.12-09.49.32:371][  0]LogD3D11RHI: Creating new Direct3DDevice
[2018.07.12-09.49.32:371][  0]LogD3D11RHI:     GPU DeviceId: 0x1b80 (for the marketing name, search the web for "GPU Device Id")
[2018.07.12-09.49.32:371][  0]LogWindows: EnumDisplayDevices:
[2018.07.12-09.49.32:371][  0]LogWindows:    0. 'NVIDIA GeForce GTX 1080' (P:1 D:1)
[2018.07.12-09.49.32:371][  0]LogWindows:    1. 'NVIDIA GeForce GTX 1080' (P:0 D:1)
[2018.07.12-09.49.32:371][  0]LogWindows:    2. 'NVIDIA GeForce GTX 1080' (P:0 D:0)
[2018.07.12-09.49.32:371][  0]LogWindows:    3. 'NVIDIA GeForce GTX 1080' (P:0 D:0)
[2018.07.12-09.49.32:372][  0]LogWindows:    4. 'Intel(R) HD Graphics 630' (P:0 D:0)
[2018.07.12-09.49.32:372][  0]LogWindows:    5. 'Intel(R) HD Graphics 630' (P:0 D:0)
[2018.07.12-09.49.32:372][  0]LogWindows:    6. 'Intel(R) HD Graphics 630' (P:0 D:0)
[2018.07.12-09.49.32:372][  0]LogWindows: DebugString: GetVideoDriverDetailsInvalid PrimaryIsNotTheChoosenAdapter GetVideoDriverDetailsInvalid PrimaryIsNotTheChoosenAdapter GetVideoDriverDetailsInvalid PrimaryIsNotTheChoosenAdapter GetVideoDriverDetailsInvalid PrimaryIsNotTheChoosenAdapter GetVideoDriverDetailsInvalid PrimaryIsNotTheChoosenAdapter GetVideoDriverDetailsInvalid PrimaryIsNotTheChoosenAdapter GetVideoDriverDetailsInvalid PrimaryIsNotTheChoosenAdapter FoundDriverCount:0 
[2018.07.12-09.49.32:372][  0]LogD3D11RHI:     Adapter Name: NVIDIA GeForce GTX 1080
[2018.07.12-09.49.32:372][  0]LogD3D11RHI:   Driver Version: Unknown (internal:Unknown, unified:Unknown)
[2018.07.12-09.49.32:372][  0]LogD3D11RHI:      Driver Date: Unknown
[2018.07.12-09.49.32:372][  0]LogRHI: Texture pool is 1361 MB (70% of 1945 MB)
[2018.07.12-09.49.32:411][  0]LogD3D11RHI: Async texture creation enabled
[2018.07.12-09.49.32:532][  0]LogD3D11RHI: GPU Timing Frequency: 1000.000000 (Debug: 2 2)
[2018.07.12-09.49.32:719][  0]LogMaterial: Verifying Global Shaders for PCD3D_SM5
[2018.07.12-09.49.32:773][  0]LogSlate: Using Freetype 2.6.0
[2018.07.12-09.49.32:793][  0]LogSlate: SlateFontCache - WITH_FREETYPE: 1, WITH_HARFBUZZ: 1
[2018.07.12-09.49.32:797][  0]LogSlate: SlateFontCache - WITH_FREETYPE: 1, WITH_HARFBUZZ: 1
[2018.07.12-09.49.32:971][  0]LogAssetRegistry: FAssetRegistry took 0.0360 seconds to start up
[2018.07.12-09.49.33:745][  0]LogPackageLocalizationCache: Processed 5 localized package path(s) for 1 prioritized culture(s) in 0.003041 seconds
[2018.07.12-09.49.33:746][  0]LogPakFile: New pak file ../../../gl1Unreal/Content/Paks/gl1Unreal-WindowsNoEditor.pak added to pak precacher.
[2018.07.12-09.49.33:789][  0]LogInit: Selected Device Profile: [WindowsNoEditor]
[2018.07.12-09.49.33:814][  0]LogContentStreaming: Texture pool size is 1000.00 MB
[2018.07.12-09.49.34:095][  0]LogNetVersion: gl1Unreal , NetCL: 3573198, EngineNetVer: 2, GameNetVer: 0 (Checksum: 1630085895)
[2018.07.12-09.49.34:524][  0]LogInit: WinSock: version 1.1 (2.2), MaxSocks=32767, MaxUdp=65467
[2018.07.12-09.49.34:611][  0]LogMoviePlayer: Initializing movie player
[2018.07.12-09.49.34:832][  0]LogOcInput: OculusInput pre-init called
[2018.07.12-09.49.34:832][  0]LogAndroidPermission: UAndroidPermissionCallbackProxy::GetInstance
[2018.07.12-09.49.34:852][  0]LogUObjectArray: 30845 objects as part of root set at end of initial load.
[2018.07.12-09.49.34:852][  0]LogUObjectAllocator: 6113392 out of 0 bytes used by permanent object pool.
[2018.07.12-09.49.34:852][  0]LogUObjectArray: CloseDisregardForGC: 0/0 objects in disregard for GC pool
[2018.07.12-09.49.34:905][  0]LogEngine: Initializing Engine...
[2018.07.12-09.49.34:934][  0]LogHMD: Oculus plugin initialized. Version: 4.17.2-3658906+++UE4+Release-4.17, OVRPlugin: 1.15.0
[2018.07.12-09.49.35:238][  0]LogStats: UGameplayTagsManager::ConstructGameplayTagTree: Construct from data asset -  0.000 s
[2018.07.12-09.49.35:238][  0]LogStats: UGameplayTagsManager::ConstructGameplayTagTree: GameplayTagTreeChangedEvent.Broadcast -  0.000 s
[2018.07.12-09.49.35:355][  0]LogInit: XAudio2 using 'Kopfhörer (Rift Audio)' : 2 channels at 48 kHz using 16 bits per sample (channel mask 0x3)
[2018.07.12-09.49.35:382][  0]LogInit: FAudioDevice initialized.
[2018.07.12-09.49.35:394][  0]LogInit: Texture streaming: Enabled
[2018.07.12-09.49.35:833][  0]LogInit: Display: Game Engine Initialized.
[2018.07.12-09.49.35:838][  0]LogGameplayTags: Display: UGameplayTagsManager::DoneAddingNativeTags. DelegateIsBound: 0
[2018.07.12-09.49.35:860][  0]LogInit: Display: Starting Game.
[2018.07.12-09.49.35:871][  0]LogNet: Browse: /Game/Maps/Leer?Name=Player
[2018.07.12-09.49.35:880][  0]LogLoadingSplash: Loading begins
[2018.07.12-09.49.35:880][  0]LogHMD: Initializing OVRPlugin session
[2018.07.12-09.49.36:165][  0]LogHMD: FSplash::OnShow
[2018.07.12-09.49.36:165][  0]LogLoad: LoadMap: /Game/Maps/Leer?Name=Player
[2018.07.12-09.49.36:457][  0]LogMemory: Platform Memory Stats for WindowsNoEditor
[2018.07.12-09.49.36:457][  0]LogMemory: Process Physical Memory: 231.70 MB used, 305.30 MB peak
[2018.07.12-09.49.36:457][  0]LogMemory: Process Virtual Memory: 344.61 MB used, 397.74 MB peak
[2018.07.12-09.49.36:457][  0]LogMemory: Physical Memory: 8622.08 MB used,  7628.31 MB free, 16250.39 MB total
[2018.07.12-09.49.36:457][  0]LogMemory: Virtual Memory: 4970.90 MB used,  7628.31 MB free, 134217728.00 MB total
[2018.07.12-09.49.36:457][  0]LogMemory: 
[2018.07.12-09.49.36:457][  0]FMallocBinned2 Mem report
[2018.07.12-09.49.36:457][  0]Small Pool
[2018.07.12-09.49.36:457][  0]Requested Allocations: 25.580566mb  (including block size padding)
[2018.07.12-09.49.36:457][  0]OS Allocated: 29.375000mb
[2018.07.12-09.49.36:457][  0]Large Pool
[2018.07.12-09.49.36:457][  0]Requested Allocations: 69.535126mb
[2018.07.12-09.49.36:457][  0]OS Allocated: 70.125000mb
[2018.07.12-09.49.36:457][  0]OS Page Allocator
[2018.07.12-09.49.36:457][  0]Cached free pages: 0.000000mb
[2018.07.12-09.49.36:952][  0]LogAIModule: Creating AISystem for world Leer
[2018.07.12-09.49.36:964][  0]LogLoad: Game class is 'VRGameMode_C'
[2018.07.12-09.49.36:972][  0]LogWorld: Bringing World /Game/Maps/Leer.Leer up for play (max tick rate 0) at 2018.07.12-11.49.36
[2018.07.12-09.49.36:982][  0]LogGameMode: Warning: No GameStateClass was specified in VRGameMode_C_0 (VRGameMode_C)
[2018.07.12-09.49.36:991][  0]LogWorld: Bringing up level for play took: 0.024209
[2018.07.12-09.49.37:003][  0]LogGameMode: FindPlayerStart: PATHS NOT DEFINED or NO PLAYERSTART with positive rating
[2018.07.12-09.49.37:041][  0]LogSpawn: Warning: SpawnActor failed because no class was specified
[2018.07.12-09.49.37:104][  0]LogUMG: Display: Widget Class NewWidgetBlueprint_C - Loaded Fast Template.
[2018.07.12-09.49.37:111][  0]LogPhysics: Warning: Initialising Body : Scale3D is (nearly) zero: 
[2018.07.12-09.49.37:273][  0]Warning: stereo on is deprecated. Use vr.bEnableStereo True instead
[2018.07.12-09.49.37:284][  0]LogLevel: ActivateLevel /Game/Maps/Menu 1 1 0
[2018.07.12-09.49.37:285][  0]LogLoadingSplash: Loading ends
[2018.07.12-09.49.37:285][  0]LogHMD: FSplash::OnHide
[2018.07.12-09.49.37:310][  0]LogLoad: Took 1.146082 seconds to LoadMap(/Game/Maps/Leer)
[2018.07.12-09.49.37:403][  0]LogLoad: (Engine Initialization) Total time: 8.22 seconds
[2018.07.12-09.49.37:409][  0]LogExternalProfiler: Found external profiler: VSPerf
[2018.07.12-09.49.37:410][  0]LogExternalProfiler: Using external profiler: VSPerf
[2018.07.12-09.49.37:432][  0]LogOcInput: OculusInput is initialized
[2018.07.12-09.49.37:442][  0]LogRenderer: Reallocating scene render targets to support 1920x1080 Format 10 NumSamples 1 (Frame:1).
[2018.07.12-09.49.37:538][  0]LogHMD: Allocating Oculus 2720 x 1600 rendertarget swapchain
[2018.07.12-09.49.37:567][  0]LogHMD: The app went out of VR focus, seizing rendering...
[2018.07.12-09.49.37:677][  1]LogRenderer: Reallocating scene render targets to support 2720x1600 Format 10 NumSamples 1 (Frame:2).
[2018.07.12-09.49.40:792][ 30]LogStreaming: Display: UWorld::AddToWorld: updating components for /Game/Maps/Menu took (less than) 100.30 ms
[2018.07.12-09.49.40:995][ 33]Warning: stereo on is deprecated. Use vr.bEnableStereo True instead
[2018.07.12-09.49.41:207][ 35]LogLevel: ActivateLevel /Game/Maps/Phase1_ 0 0 0
[2018.07.12-09.49.41:293][ 36]LogRenderer: Reallocating scene render targets to support 128x128 Format 10 NumSamples 1 (Frame:37).
[2018.07.12-09.49.41:293][ 36]LogLevel: ActivateLevel /Game/Maps/Phase2 0 0 0
[2018.07.12-09.49.41:393][ 37]LogLevel: ActivateLevel /Game/Maps/Phase3 0 0 0
[2018.07.12-09.49.41:493][ 38]LogLevel: ActivateLevel /Game/Maps/Phase4 0 0 0
[2018.07.12-09.49.41:593][ 39]LogLevel: Warning: Failed to find streaming level object associated with 'Phase5'
[2018.07.12-09.49.48:292][106]LogSlate: Request Window 'gl1Unreal (64-bit, PCD3D_SM5)' being destroyed
[2018.07.12-09.49.48:319][106]LogSlate: Window 'gl1Unreal (64-bit, PCD3D_SM5)' being destroyed
[2018.07.12-09.49.48:320][106]LogWindowsTextInputMethodSystem: Display: IME system now deactivated.
[2018.07.12-09.49.48:364][106]LogEngine: All Windows Closed
[2018.07.12-09.49.48:364][106]LogWindows: FPlatformMisc::RequestExit(0)
[2018.07.12-09.49.49:003][107]LogExit: Preparing to exit.
[2018.07.12-09.49.49:003][107]LogMoviePlayer: Shutting down movie player
[2018.07.12-09.49.49:149][107]LogExit: Game engine shut down
[2018.07.12-09.49.49:291][107]LogExit: Object subsystem successfully closed.
[2018.07.12-09.49.49:378][107]LogD3D11RHI: Shutdown
[2018.07.12-09.49.49:378][107]LogD3D11RHI: CleanupD3DDevice
[2018.07.12-09.49.49:402][107]LogD3D11RHI: ~FD3D11DynamicRHI
[2018.07.12-09.49.49:402][107]LogModuleManager: Shutting down and abandoning module AutomationController (158)
[2018.07.12-09.49.49:412][107]LogModuleManager: Shutting down and abandoning module AutomationWorker (156)
[2018.07.12-09.49.49:412][107]LogModuleManager: Shutting down and abandoning module AIModule (154)
[2018.07.12-09.49.49:412][107]LogModuleManager: Shutting down and abandoning module GameplayDebugger (153)
[2018.07.12-09.49.49:412][107]LogModuleManager: Shutting down and abandoning module WmfMediaFactory (150)
[2018.07.12-09.49.49:412][107]LogModuleManager: Shutting down and abandoning module AvfMediaFactory (148)
[2018.07.12-09.49.49:412][107]LogModuleManager: Shutting down and abandoning module AndroidMediaFactory (146)
[2018.07.12-09.49.49:412][107]LogModuleManager: Shutting down and abandoning module Media (145)
[2018.07.12-09.49.49:412][107]LogModuleManager: Shutting down and abandoning module CharacterAI (142)
[2018.07.12-09.49.49:412][107]LogModuleManager: Shutting down and abandoning module SessionServices (140)
[2018.07.12-09.49.49:412][107]LogModuleManager: Shutting down and abandoning module MovieSceneTracks (138)
[2018.07.12-09.49.49:412][107]LogModuleManager: Shutting down and abandoning module MovieScene (136)
[2018.07.12-09.49.49:413][107]LogModuleManager: Shutting down and abandoning module GeometryCache (134)
[2018.07.12-09.49.49:413][107]LogModuleManager: Shutting down and abandoning module Niagara (132)
[2018.07.12-09.49.49:413][107]LogModuleManager: Shutting down and abandoning module StreamingPauseRendering (130)
[2018.07.12-09.49.49:413][107]LogModuleManager: Shutting down and abandoning module AnalyticsET (128)
[2018.07.12-09.49.49:413][107]LogModuleManager: Shutting down and abandoning module ProfilerService (126)
[2018.07.12-09.49.49:655][107]LogModuleManager: Shutting down and abandoning module TaskGraph (124)
[2018.07.12-09.49.49:660][107]LogModuleManager: Shutting down and abandoning module HTML5Networking (120)
[2018.07.12-09.49.49:660][107]LogModuleManager: Shutting down and abandoning module SteamVRController (118)
[2018.07.12-09.49.49:660][107]LogModuleManager: Shutting down and abandoning module ProceduralMeshComponent (116)
[2018.07.12-09.49.49:660][107]LogModuleManager: Shutting down and abandoning module MobilePatchingUtils (114)
[2018.07.12-09.49.49:660][107]LogModuleManager: Shutting down and abandoning module CustomMeshComponent (112)
[2018.07.12-09.49.49:660][107]LogModuleManager: Shutting down and abandoning module CableComponent (110)
[2018.07.12-09.49.49:660][107]LogModuleManager: Shutting down and abandoning module ArchVisCharacter (108)
[2018.07.12-09.49.49:660][107]LogModuleManager: Shutting down and abandoning module AndroidPermission (106)
[2018.07.12-09.49.49:660][107]LogModuleManager: Shutting down and abandoning module OculusInput (104)
[2018.07.12-09.49.49:660][107]LogModuleManager: Shutting down and abandoning module UdpMessaging (102)
[2018.07.12-09.49.49:660][107]LogModuleManager: Shutting down and abandoning module TcpMessaging (100)
[2018.07.12-09.49.49:660][107]LogModuleManager: Shutting down and abandoning module FacialAnimation (98)
[2018.07.12-09.49.49:660][107]LogModuleManager: Shutting down and abandoning module LightPropagationVolumeRuntime (96)
[2018.07.12-09.49.49:660][107]LogModuleManager: Shutting down and abandoning module RuntimePhysXCooking (94)
[2018.07.12-09.49.49:660][107]LogModuleManager: Shutting down and abandoning module PhysXVehicles (92)
[2018.07.12-09.49.49:660][107]LogModuleManager: Shutting down and abandoning module LocationServicesBPLibrary (90)
[2018.07.12-09.49.49:660][107]LogModuleManager: Shutting down and abandoning module ImmediatePhysics (88)
[2018.07.12-09.49.49:660][107]LogModuleManager: Shutting down and abandoning module Paper2D (86)
[2018.07.12-09.49.49:660][107]LogModuleManager: Shutting down and abandoning module WmfMedia (84)
[2018.07.12-09.49.49:660][107]LogModuleManager: Shutting down and abandoning module WindowsMoviePlayer (82)
[2018.07.12-09.49.49:661][107]LogModuleManager: Shutting down and abandoning module PacketHandler (80)
[2018.07.12-09.49.49:661][107]LogModuleManager: Shutting down and abandoning module ClothingSystemRuntime (78)
[2018.07.12-09.49.49:672][107]LogModuleManager: Shutting down and abandoning module Overlay (76)
[2018.07.12-09.49.49:672][107]LogModuleManager: Shutting down and abandoning module MediaAssets (74)
[2018.07.12-09.49.49:672][107]LogModuleManager: Shutting down and abandoning module UMG (72)
[2018.07.12-09.49.49:672][107]LogModuleManager: Shutting down and abandoning module SlateReflector (70)
[2018.07.12-09.49.49:714][107]LogModuleManager: Shutting down and abandoning module Slate (68)
[2018.07.12-09.49.49:714][107]LogModuleManager: Shutting down and abandoning module MRMesh (66)
[2018.07.12-09.49.49:714][107]LogModuleManager: Shutting down and abandoning module Messaging (64)
[2018.07.12-09.49.49:714][107]LogModuleManager: Shutting down and abandoning module HeadMountedDisplay (62)
[2018.07.12-09.49.49:714][107]LogModuleManager: Shutting down and abandoning module XAudio2 (60)
[2018.07.12-09.49.49:714][107]LogModuleManager: Shutting down and abandoning module Networking (58)
[2018.07.12-09.49.49:714][107]LogModuleManager: Shutting down and abandoning module Core (54)
[2018.07.12-09.49.49:714][107]LogModuleManager: Shutting down and abandoning module LevelSequence (52)
[2018.07.12-09.49.49:714][107]LogModuleManager: Shutting down and abandoning module ImageWrapper (48)
[2018.07.12-09.49.49:714][107]LogModuleManager: Shutting down and abandoning module InputCore (46)
[2018.07.12-09.49.49:714][107]LogModuleManager: Shutting down and abandoning module PhysXCooking (44)
[2018.07.12-09.49.49:714][107]LogModuleManager: Shutting down and abandoning module OnlineSubsystem (40)
[2018.07.12-09.49.49:717][107]LogOnline: Display: Unloading online subsystem: NULL
[2018.07.12-09.49.49:717][107]LogModuleManager: Shutting down and abandoning module HTTP (39)
[2018.07.12-09.49.49:717][107]LogHttp: Display: Http module shutting down, but needs to wait on 1 outstanding Http requests:
[2018.07.12-09.49.49:717][107]LogHttp: Display: 	verb=[POST] url=[https://datarouter.ol.epicgames.com/datarouter/api/v1/public/data?SessionID=%7BF10885B5-42BA-DC53-F2F6-D381781775D3%7D&AppID=UEGame.Rocket.Release%7C1A342387453FEE7EE96C45BF27A6B83F%7CGameLab%201%20Project&AppVersion=4.17.2-3658906%2B%2B%2BUE4%2BRelease-4.17&UserID=ANON-%7BAD0BCAD8-4147-F222-0E80-B286CF99CDF7%7D%7C%7C&AppEnvironment=datacollector-binary&UploadType=eteventstream] status=Processing
[2018.07.12-09.49.49:731][107]LogHttp: Display: Sleeping 0.5s to wait for 1 outstanding Http requests.
[2018.07.12-09.49.50:242][107]LogModuleManager: Shutting down and abandoning module SSL (38)
[2018.07.12-09.49.50:242][107]LogModuleManager: Shutting down and abandoning module SteamVR (34)
[2018.07.12-09.49.50:242][107]LogModuleManager: Shutting down and abandoning module ExampleDeviceProfileSelector (32)
[2018.07.12-09.49.50:242][107]LogModuleManager: Shutting down and abandoning module OculusHMD (30)
[2018.07.12-09.49.50:242][107]LogModuleManager: Shutting down and abandoning module ShaderCore (28)
[2018.07.12-09.49.50:242][107]LogModuleManager: Shutting down and abandoning module Landscape (26)
[2018.07.12-09.49.50:242][107]LogModuleManager: Shutting down and abandoning module SlateRHIRenderer (24)
[2018.07.12-09.49.50:251][107]LogModuleManager: Shutting down and abandoning module OpenGLDrv (22)
[2018.07.12-09.49.50:251][107]LogModuleManager: Shutting down and abandoning module D3D11RHI (20)
[2018.07.12-09.49.50:251][107]LogModuleManager: Shutting down and abandoning module AnimGraphRuntime (18)
[2018.07.12-09.49.50:251][107]LogModuleManager: Shutting down and abandoning module Renderer (16)
[2018.07.12-09.49.50:251][107]LogModuleManager: Shutting down and abandoning module Engine (14)
[2018.07.12-09.49.50:251][107]LogModuleManager: Shutting down and abandoning module CoreUObject (12)
[2018.07.12-09.49.50:251][107]LogModuleManager: Shutting down and abandoning module NetworkFile (10)
[2018.07.12-09.49.50:251][107]LogModuleManager: Shutting down and abandoning module CookedIterativeFile (8)
[2018.07.12-09.49.50:251][107]LogModuleManager: Shutting down and abandoning module StreamingFile (6)
[2018.07.12-09.49.50:251][107]LogModuleManager: Shutting down and abandoning module SandboxFile (4)
[2018.07.12-09.49.50:251][107]LogModuleManager: Shutting down and abandoning module PakFile (2)
[2018.07.12-09.49.50:252][107]LogExit: Exiting.
[2018.07.12-09.49.50:257][107]Log file closed, 07/12/18 11:49:50
